nohup: ignoring input
🚀 StockMind Engine Started (Telegram Mode)...
Fetch Error: HTTPSConnectionPool(host='api.telegram.org', port=443): Read timed out. (read timeout=35)
Fetch Error: HTTPSConnectionPool(host='api.telegram.org', port=443): Read timed out. (read timeout=35)
Fetch Error: HTTPSConnectionPool(host='api.telegram.org', port=443): Read timed out. (read timeout=35)
Fetch Error: HTTPSConnectionPool(host='api.telegram.org', port=443): Read timed out. (read timeout=35)
Fetch Error: HTTPSConnectionPool(host='api.telegram.org', port=443): Read timed out. (read timeout=35)
Fetch Error: HTTPSConnectionPool(host='api.telegram.org', port=443): Read timed out. (read timeout=35)
Fetch Error: HTTPSConnectionPool(host='api.telegram.org', port=443): Read timed out. (read timeout=35)
Fetch Error: HTTPSConnectionPool(host='api.telegram.org', port=443): Read timed out. (read timeout=35)
Fetch Error: HTTPSConnectionPool(host='api.telegram.org', port=443): Read timed out. (read timeout=35)
Traceback (most recent call last):
  File "/home/kiki/stockmind/bot.py", line 463, in <module>
    save_state(chat_id, "add_new_sell", str(data_dict))
^^^^^^
  File "/home/kiki/stockmind/bot.py", line 449, in main
    reply_markup={"inline_keyboard": [[{"text": "❌ Cancel", "callback_data": "main_menu"}]]})
    ^^^^^^^^^^^^^^^^^^^^^^^^^^^^^^^^^^
  File "/home/kiki/stockmind/bot.py", line 388, in handle_text_message
    edit_message(chat_id, message_id, text, reply_markup=markup)
          ^^^^^^^^^^^^^^^^^^
  File "/home/kiki/stockmind/bot.py", line 65, in get_state
    def send_message(chat_id, text, reply_markup=None):
              ^^^^^^^^^^^^^^^^^^^^^^^^^^^^^^^^^^^^^^^^^^
sqlite3.OperationalError: no such table: user_state
